Assembler report for signalgenerate
Mon Mar 04 22:45:08 2019
Quartus II 64-Bit Version 14.1.0 Build 186 12/03/2014 SJ Full Version


---------------------
; Table of Contents ;
---------------------
  1. Legal Notice
  2. Assembler Summary
  3. Assembler Settings
  4. Assembler Encrypted IP Cores Summary
  5. Assembler Generated Files
  6. Assembler Device Options: F:/altera_pci/SelfTest/signalgenerate.sof
  7. Assembler Device Options: F:/altera_pci/SelfTest/signalgenerate.pof
  8. Assembler Messages



----------------
; Legal Notice ;
----------------
Copyright (C) 1991-2014 Altera Corporation. All rights reserved.
Your use of Altera Corporation's design tools, logic functions 
and other software and tools, and its AMPP partner logic 
functions, and any output files from any of the foregoing 
(including device programming or simulation files), and any 
associated documentation or information are expressly subject 
to the terms and conditions of the Altera Program License 
Subscription Agreement, the Altera Quartus II License Agreement,
the Altera MegaCore Function License Agreement, or other 
applicable license agreement, including, without limitation, 
that your use is for the sole purpose of programming logic 
devices manufactured by Altera and sold by Altera or its 
authorized distributors.  Please refer to the applicable 
agreement for further details.



+---------------------------------------------------------------+
; Assembler Summary                                             ;
+-----------------------+---------------------------------------+
; Assembler Status      ; Successful - Mon Mar 04 22:45:08 2019 ;
; Revision Name         ; signalgenerate                        ;
; Top-level Entity Name ; PCI                                   ;
; Family                ; Cyclone IV E                          ;
; Device                ; EP4CE30F23I7                          ;
+-----------------------+---------------------------------------+


+----------------------------------+
; Assembler Settings               ;
+--------+---------+---------------+
; Option ; Setting ; Default Value ;
+--------+---------+---------------+


+------------------------------------------------+
; Assembler Encrypted IP Cores Summary           ;
+--------+------------------------+--------------+
; Vendor ; IP Core Name           ; License Type ;
+--------+------------------------+--------------+
; Altera ; Signal Tap (6AF7 BCE1) ; Licensed     ;
; Altera ; Signal Tap (6AF7 BCEC) ; Licensed     ;
+--------+------------------------+--------------+


+-------------------------------------------+
; Assembler Generated Files                 ;
+-------------------------------------------+
; File Name                                 ;
+-------------------------------------------+
; F:/altera_pci/SelfTest/signalgenerate.sof ;
; F:/altera_pci/SelfTest/signalgenerate.pof ;
+-------------------------------------------+


+---------------------------------------------------------------------+
; Assembler Device Options: F:/altera_pci/SelfTest/signalgenerate.sof ;
+----------------+----------------------------------------------------+
; Option         ; Setting                                            ;
+----------------+----------------------------------------------------+
; Device         ; EP4CE30F23I7                                       ;
; JTAG usercode  ; 0xFFFFFFFF                                         ;
; Checksum       ; 0x003F059A                                         ;
+----------------+----------------------------------------------------+


+---------------------------------------------------------------------+
; Assembler Device Options: F:/altera_pci/SelfTest/signalgenerate.pof ;
+--------------------+------------------------------------------------+
; Option             ; Setting                                        ;
+--------------------+------------------------------------------------+
; Device             ; EPCS4                                          ;
; JTAG usercode      ; 0x00000000                                     ;
; Checksum           ; 0x02FA4F5E                                     ;
; Compression Ratio  ; 3                                              ;
+--------------------+------------------------------------------------+


+--------------------+
; Assembler Messages ;
+--------------------+
Info: *******************************************************************
Info: Running Quartus II 64-Bit Assembler
    Info: Version 14.1.0 Build 186 12/03/2014 SJ Full Version
    Info: Processing started: Mon Mar 04 22:44:59 2019
Info: Command: quartus_asm --read_settings_files=off --write_settings_files=off signalgenerate -c signalgenerate
Info (115031): Writing out detailed assembly data for power analysis
Info (115030): Assembler is generating device programming files
Info: Quartus II 64-Bit Assembler was successful. 0 errors, 0 warnings
    Info: Peak virtual memory: 4737 megabytes
    Info: Processing ended: Mon Mar 04 22:45:08 2019
    Info: Elapsed time: 00:00:09
    Info: Total CPU time (on all processors): 00:00:09


